2025-06-15 03:40:08,474 - ERROR - Please specify a source with --source or use --all to process all sources.
2025-06-15 03:44:24,891 - INFO - Processing Google Drive PDF from link: https://drive.google.com/file/d/1AdUu4jh6DGwmCxfgnDQEMWWyo6_whPHJ/view
2025-06-15 03:44:24,896 - INFO - Processing book chapters from Google Drive link...
2025-06-15 03:44:24,896 - INFO - Downloading PDF from Google Drive (ID: 1AdUu4jh6DGwmCxfgnDQEMWWyo6_whPHJ)...
2025-06-15 03:44:27,166 - INFO - Processing PDF content...
2025-06-15 03:44:27,197 - INFO - Extracted 0 chapters/sections from the PDF.
2025-06-15 03:44:27,200 - INFO - Output saved to blog_content_gdrive.json
2025-06-15 03:44:27,201 - INFO - Processed 0 items in total.
2025-06-15 03:47:16,194 - INFO - Processing Google Drive PDF from link: https://drive.google.com/file/d/1AdUu4jh6DGwmCxfgnDQEMWWyo6_whPHJ/view
2025-06-15 03:47:16,202 - INFO - Processing book chapters from Google Drive link...
2025-06-15 03:47:16,205 - INFO - Downloading PDF from Google Drive (ID: 1AdUu4jh6DGwmCxfgnDQEMWWyo6_whPHJ)...
2025-06-15 03:47:24,665 - INFO - Processing PDF content...
2025-06-15 03:47:24,681 - INFO - Extracted 0 chapters/sections from the PDF.
2025-06-15 03:47:24,681 - INFO - Output saved to blog_content_gdrive.json
2025-06-15 03:47:24,681 - INFO - Processed 0 items in total.
2025-06-15 03:52:02,817 - INFO - Processing Google Drive PDF from link: https://drive.google.com/file/d/1AdUu4jh6DGwmCxfgnDQEMWWyo6_whPHJ/view
2025-06-15 03:52:02,817 - INFO - Processing book chapters from Google Drive link...
2025-06-15 03:52:02,819 - INFO - Downloading PDF from Google Drive (ID: 1AdUu4jh6DGwmCxfgnDQEMWWyo6_whPHJ)...
2025-06-15 03:52:06,315 - INFO - Processing PDF content...
2025-06-15 03:52:06,315 - INFO - Extracted 0 chapters/sections from the PDF.
2025-06-15 03:52:06,317 - INFO - Output saved to blog_content_gdrive.json
2025-06-15 03:52:06,317 - INFO - Processed 0 items in total.
2025-06-15 04:10:07,472 - ERROR - Unknown source type: example.py
2025-06-15 04:10:07,472 - INFO - Output saved to aline_knowledge.json
2025-06-15 04:10:07,472 - INFO - Processed 0 items in total.
